2021/09/09 11:18:08 [notice] 1#1: using the "epoll" event method
2021/09/09 11:18:08 [notice] 1#1: nginx/1.21.1
2021/09/09 11:18:08 [notice] 1#1: built by gcc 10.3.1 20210424 (Alpine 10.3.1_git20210424) 
2021/09/09 11:18:08 [notice] 1#1: OS: Linux 5.11.0-34-generic
2021/09/09 11:18:08 [notice] 1#1: getrlimit(RLIMIT_NOFILE): 1048576:1048576
2021/09/09 11:18:08 [notice] 1#1: start worker processes
2021/09/09 11:18:08 [notice] 1#1: start worker process 22
2021/09/09 11:18:08 [notice] 1#1: start worker process 23
2021/09/09 11:18:08 [notice] 1#1: start worker process 24
2021/09/09 11:18:08 [notice] 1#1: start worker process 25
2021/09/09 11:18:08 [notice] 1#1: start worker process 26
2021/09/09 11:18:08 [notice] 1#1: start worker process 27
2021/09/09 11:18:08 [notice] 1#1: start worker process 28
2021/09/09 11:18:08 [notice] 1#1: start worker process 29
2021/09/09 11:30:08 [notice] 1#1: signal 3 (SIGQUIT) received, shutting down
2021/09/09 11:30:08 [notice] 23#23: gracefully shutting down
2021/09/09 11:30:08 [notice] 22#22: gracefully shutting down
2021/09/09 11:30:08 [notice] 24#24: gracefully shutting down
2021/09/09 11:30:08 [notice] 25#25: gracefully shutting down
2021/09/09 11:30:08 [notice] 23#23: exiting
2021/09/09 11:30:08 [notice] 22#22: exiting
2021/09/09 11:30:08 [notice] 26#26: gracefully shutting down
2021/09/09 11:30:08 [notice] 24#24: exiting
2021/09/09 11:30:08 [notice] 25#25: exiting
2021/09/09 11:30:08 [notice] 26#26: exiting
2021/09/09 11:30:08 [notice] 24#24: exit
2021/09/09 11:30:08 [notice] 23#23: exit
2021/09/09 11:30:08 [notice] 22#22: exit
2021/09/09 11:30:08 [notice] 25#25: exit
2021/09/09 11:30:08 [notice] 26#26: exit
2021/09/09 11:30:08 [notice] 27#27: gracefully shutting down
2021/09/09 11:30:08 [notice] 27#27: exiting
2021/09/09 11:30:08 [notice] 27#27: exit
2021/09/09 11:30:08 [notice] 28#28: gracefully shutting down
2021/09/09 11:30:08 [notice] 28#28: exiting
2021/09/09 11:30:08 [notice] 28#28: exit
2021/09/09 11:30:08 [notice] 29#29: gracefully shutting down
2021/09/09 11:30:08 [notice] 29#29: exiting
2021/09/09 11:30:08 [notice] 29#29: exit
2021/09/09 11:30:08 [notice] 1#1: signal 17 (SIGCHLD) received from 23
2021/09/09 11:30:08 [notice] 1#1: worker process 22 exited with code 0
2021/09/09 11:30:08 [notice] 1#1: worker process 23 exited with code 0
2021/09/09 11:30:08 [notice] 1#1: signal 29 (SIGIO) received
2021/09/09 11:30:08 [notice] 1#1: signal 17 (SIGCHLD) received from 22
2021/09/09 11:30:08 [notice] 1#1: signal 17 (SIGCHLD) received from 27
2021/09/09 11:30:08 [notice] 1#1: worker process 27 exited with code 0
2021/09/09 11:30:08 [notice] 1#1: worker process 28 exited with code 0
2021/09/09 11:30:08 [notice] 1#1: worker process 29 exited with code 0
2021/09/09 11:30:08 [notice] 1#1: signal 29 (SIGIO) received
2021/09/09 11:30:08 [notice] 1#1: signal 17 (SIGCHLD) received from 28
2021/09/09 11:30:08 [notice] 1#1: signal 17 (SIGCHLD) received from 26
2021/09/09 11:30:08 [notice] 1#1: worker process 26 exited with code 0
2021/09/09 11:30:08 [notice] 1#1: signal 29 (SIGIO) received
2021/09/09 11:30:08 [notice] 1#1: signal 17 (SIGCHLD) received from 24
2021/09/09 11:30:08 [notice] 1#1: worker process 24 exited with code 0
2021/09/09 11:30:08 [notice] 1#1: signal 29 (SIGIO) received
2021/09/09 11:30:08 [notice] 1#1: signal 17 (SIGCHLD) received from 25
2021/09/09 11:30:08 [notice] 1#1: worker process 25 exited with code 0
2021/09/09 11:30:08 [notice] 1#1: exit
2021/09/09 11:30:09 [notice] 1#1: using the "epoll" event method
2021/09/09 11:30:09 [notice] 1#1: nginx/1.21.1
2021/09/09 11:30:09 [notice] 1#1: built by gcc 10.3.1 20210424 (Alpine 10.3.1_git20210424) 
2021/09/09 11:30:09 [notice] 1#1: OS: Linux 5.11.0-34-generic
2021/09/09 11:30:09 [notice] 1#1: getrlimit(RLIMIT_NOFILE): 1048576:1048576
2021/09/09 11:30:09 [notice] 1#1: start worker processes
2021/09/09 11:30:09 [notice] 1#1: start worker process 22
2021/09/09 11:30:09 [notice] 1#1: start worker process 23
2021/09/09 11:30:09 [notice] 1#1: start worker process 24
2021/09/09 11:30:09 [notice] 1#1: start worker process 25
2021/09/09 11:30:09 [notice] 1#1: start worker process 26
2021/09/09 11:30:09 [notice] 1#1: start worker process 27
2021/09/09 11:30:09 [notice] 1#1: start worker process 28
2021/09/09 11:30:09 [notice] 1#1: start worker process 29
2021/09/09 11:56:46 [notice] 1#1: signal 3 (SIGQUIT) received, shutting down
2021/09/09 11:56:46 [notice] 22#22: gracefully shutting down
2021/09/09 11:56:46 [notice] 24#24: gracefully shutting down
2021/09/09 11:56:46 [notice] 23#23: gracefully shutting down
2021/09/09 11:56:46 [notice] 25#25: gracefully shutting down
2021/09/09 11:56:46 [notice] 28#28: gracefully shutting down
2021/09/09 11:56:46 [notice] 26#26: gracefully shutting down
2021/09/09 11:56:46 [notice] 27#27: gracefully shutting down
2021/09/09 11:56:46 [notice] 24#24: exiting
2021/09/09 11:56:46 [notice] 25#25: exiting
2021/09/09 11:56:46 [notice] 28#28: exiting
2021/09/09 11:56:46 [notice] 26#26: exiting
2021/09/09 11:56:46 [notice] 27#27: exiting
2021/09/09 11:56:46 [notice] 23#23: exiting
2021/09/09 11:56:46 [notice] 25#25: exit
2021/09/09 11:56:46 [notice] 24#24: exit
2021/09/09 11:56:46 [notice] 27#27: exit
2021/09/09 11:56:46 [notice] 26#26: exit
2021/09/09 11:56:46 [notice] 28#28: exit
2021/09/09 11:56:46 [notice] 23#23: exit
2021/09/09 11:56:46 [notice] 29#29: gracefully shutting down
2021/09/09 11:56:46 [notice] 29#29: exiting
2021/09/09 11:56:46 [notice] 29#29: exit
2021/09/09 11:56:46 [notice] 1#1: signal 17 (SIGCHLD) received from 24
2021/09/09 11:56:46 [notice] 1#1: worker process 24 exited with code 0
2021/09/09 11:56:46 [notice] 1#1: worker process 27 exited with code 0
2021/09/09 11:56:46 [notice] 1#1: signal 29 (SIGIO) received
2021/09/09 11:56:46 [notice] 1#1: signal 17 (SIGCHLD) received from 28
2021/09/09 11:56:46 [notice] 1#1: worker process 23 exited with code 0
2021/09/09 11:56:46 [notice] 1#1: worker process 28 exited with code 0
2021/09/09 11:56:46 [notice] 1#1: signal 29 (SIGIO) received
2021/09/09 11:56:46 [notice] 1#1: signal 17 (SIGCHLD) received from 25
2021/09/09 11:56:46 [notice] 1#1: worker process 25 exited with code 0
2021/09/09 11:56:46 [notice] 1#1: signal 29 (SIGIO) received
2021/09/09 11:56:46 [notice] 1#1: signal 17 (SIGCHLD) received from 29
2021/09/09 11:56:46 [notice] 1#1: worker process 29 exited with code 0
2021/09/09 11:56:46 [notice] 1#1: signal 29 (SIGIO) received
2021/09/09 11:56:46 [notice] 1#1: signal 17 (SIGCHLD) received from 26
2021/09/09 11:56:46 [notice] 1#1: worker process 26 exited with code 0
2021/09/09 11:56:46 [notice] 1#1: signal 29 (SIGIO) received
2021/09/09 15:36:23 [notice] 1#1: using the "epoll" event method
2021/09/09 15:36:23 [notice] 1#1: nginx/1.21.1
2021/09/09 15:36:23 [notice] 1#1: built by gcc 10.3.1 20210424 (Alpine 10.3.1_git20210424) 
2021/09/09 15:36:23 [notice] 1#1: OS: Linux 5.11.0-34-generic
2021/09/09 15:36:23 [notice] 1#1: getrlimit(RLIMIT_NOFILE): 1048576:1048576
2021/09/09 15:36:23 [notice] 1#1: start worker processes
2021/09/09 15:36:23 [notice] 1#1: start worker process 22
2021/09/09 15:36:23 [notice] 1#1: start worker process 23
2021/09/09 15:36:23 [notice] 1#1: start worker process 24
2021/09/09 15:36:23 [notice] 1#1: start worker process 25
2021/09/09 15:36:23 [notice] 1#1: start worker process 26
2021/09/09 15:36:23 [notice] 1#1: start worker process 27
2021/09/09 15:36:23 [notice] 1#1: start worker process 28
2021/09/09 15:36:23 [notice] 1#1: start worker process 29
2021/09/09 15:41:48 [notice] 1#1: signal 3 (SIGQUIT) received, shutting down
2021/09/09 15:41:48 [notice] 23#23: gracefully shutting down
2021/09/09 15:41:48 [notice] 22#22: gracefully shutting down
2021/09/09 15:41:48 [notice] 25#25: gracefully shutting down
2021/09/09 15:41:48 [notice] 24#24: gracefully shutting down
2021/09/09 15:41:48 [notice] 26#26: gracefully shutting down
2021/09/09 15:41:48 [notice] 27#27: gracefully shutting down
2021/09/09 15:41:48 [notice] 24#24: exiting
2021/09/09 15:41:48 [notice] 23#23: exiting
2021/09/09 15:41:48 [notice] 28#28: gracefully shutting down
2021/09/09 15:41:48 [notice] 22#22: exiting
2021/09/09 15:41:48 [notice] 25#25: exiting
2021/09/09 15:41:48 [notice] 26#26: exiting
2021/09/09 15:41:48 [notice] 27#27: exiting
2021/09/09 15:41:48 [notice] 28#28: exiting
2021/09/09 15:41:48 [notice] 23#23: exit
2021/09/09 15:41:48 [notice] 24#24: exit
2021/09/09 15:41:48 [notice] 22#22: exit
2021/09/09 15:41:48 [notice] 25#25: exit
2021/09/09 15:41:48 [notice] 26#26: exit
2021/09/09 15:41:48 [notice] 27#27: exit
2021/09/09 15:41:48 [notice] 28#28: exit
2021/09/09 15:41:48 [notice] 29#29: gracefully shutting down
2021/09/09 15:41:48 [notice] 29#29: exiting
2021/09/09 15:41:48 [notice] 29#29: exit
2021/09/09 15:41:48 [notice] 1#1: signal 17 (SIGCHLD) received from 26
2021/09/09 15:41:48 [notice] 1#1: worker process 25 exited with code 0
2021/09/09 15:41:48 [notice] 1#1: worker process 26 exited with code 0
2021/09/09 15:41:48 [notice] 1#1: signal 29 (SIGIO) received
2021/09/09 15:41:48 [notice] 1#1: signal 17 (SIGCHLD) received from 25
2021/09/09 15:41:48 [notice] 1#1: signal 17 (SIGCHLD) received from 29
2021/09/09 15:41:48 [notice] 1#1: worker process 29 exited with code 0
2021/09/09 15:41:48 [notice] 1#1: signal 29 (SIGIO) received
2021/09/09 15:41:48 [notice] 1#1: signal 17 (SIGCHLD) received from 28
2021/09/09 15:41:48 [notice] 1#1: worker process 28 exited with code 0
2021/09/09 15:41:48 [notice] 1#1: signal 29 (SIGIO) received
2021/09/09 15:41:48 [notice] 1#1: signal 17 (SIGCHLD) received from 22
2021/09/09 15:41:48 [notice] 1#1: worker process 22 exited with code 0
2021/09/09 15:41:48 [notice] 1#1: worker process 27 exited with code 0
2021/09/09 15:41:48 [notice] 1#1: signal 29 (SIGIO) received
2021/09/09 15:41:48 [notice] 1#1: signal 17 (SIGCHLD) received from 27
2021/09/09 15:41:48 [notice] 1#1: signal 17 (SIGCHLD) received from 23
2021/09/09 15:41:48 [notice] 1#1: worker process 23 exited with code 0
2021/09/09 15:41:48 [notice] 1#1: signal 29 (SIGIO) received
2021/09/09 15:41:48 [notice] 1#1: signal 17 (SIGCHLD) received from 24
2021/09/09 15:41:48 [notice] 1#1: worker process 24 exited with code 0
2021/09/09 15:41:48 [notice] 1#1: exit
2021/09/09 15:41:55 [notice] 1#1: using the "epoll" event method
2021/09/09 15:41:55 [notice] 1#1: nginx/1.21.1
2021/09/09 15:41:55 [notice] 1#1: built by gcc 10.3.1 20210424 (Alpine 10.3.1_git20210424) 
2021/09/09 15:41:55 [notice] 1#1: OS: Linux 5.11.0-34-generic
2021/09/09 15:41:55 [notice] 1#1: getrlimit(RLIMIT_NOFILE): 1048576:1048576
2021/09/09 15:41:55 [notice] 1#1: start worker processes
2021/09/09 15:41:55 [notice] 1#1: start worker process 23
2021/09/09 15:41:55 [notice] 1#1: start worker process 24
2021/09/09 15:41:55 [notice] 1#1: start worker process 25
2021/09/09 15:41:55 [notice] 1#1: start worker process 26
2021/09/09 15:41:55 [notice] 1#1: start worker process 27
2021/09/09 15:41:55 [notice] 1#1: start worker process 28
2021/09/09 15:41:55 [notice] 1#1: start worker process 29
2021/09/09 15:41:55 [notice] 1#1: start worker process 30
2021/09/10 00:49:56 [notice] 1#1: signal 3 (SIGQUIT) received, shutting down
2021/09/10 00:49:56 [notice] 23#23: gracefully shutting down
2021/09/10 00:49:56 [notice] 24#24: gracefully shutting down
2021/09/10 00:49:56 [notice] 26#26: gracefully shutting down
2021/09/10 00:49:56 [notice] 25#25: gracefully shutting down
2021/09/10 00:49:56 [notice] 28#28: gracefully shutting down
2021/09/10 00:49:56 [notice] 23#23: exiting
2021/09/10 00:49:56 [notice] 27#27: gracefully shutting down
2021/09/10 00:49:56 [notice] 24#24: exiting
2021/09/10 00:49:56 [notice] 26#26: exiting
2021/09/10 00:49:56 [notice] 25#25: exiting
2021/09/10 00:49:56 [notice] 28#28: exiting
2021/09/10 00:49:56 [notice] 27#27: exiting
2021/09/10 00:49:56 [notice] 23#23: exit
2021/09/10 00:49:56 [notice] 25#25: exit
2021/09/10 00:49:56 [notice] 27#27: exit
2021/09/10 00:49:56 [notice] 26#26: exit
2021/09/10 00:49:56 [notice] 28#28: exit
2021/09/10 00:49:56 [notice] 24#24: exit
2021/09/10 00:49:56 [notice] 30#30: gracefully shutting down
2021/09/10 00:49:56 [notice] 29#29: gracefully shutting down
2021/09/10 00:49:56 [notice] 30#30: exiting
2021/09/10 00:49:56 [notice] 29#29: exiting
2021/09/10 00:49:56 [notice] 30#30: exit
2021/09/10 00:49:56 [notice] 29#29: exit
2021/09/10 00:49:56 [notice] 1#1: signal 17 (SIGCHLD) received from 26
2021/09/10 00:49:56 [notice] 1#1: worker process 26 exited with code 0
2021/09/10 00:49:56 [notice] 1#1: signal 29 (SIGIO) received
2021/09/10 00:49:56 [notice] 1#1: signal 17 (SIGCHLD) received from 23
2021/09/10 00:49:56 [notice] 1#1: worker process 23 exited with code 0
2021/09/10 00:49:56 [notice] 1#1: signal 29 (SIGIO) received
2021/09/10 00:49:56 [notice] 1#1: signal 17 (SIGCHLD) received from 30
2021/09/10 00:49:56 [notice] 1#1: worker process 24 exited with code 0
2021/09/10 00:49:56 [notice] 1#1: worker process 25 exited with code 0
2021/09/10 00:49:56 [notice] 1#1: worker process 30 exited with code 0
2021/09/10 00:49:56 [notice] 1#1: signal 29 (SIGIO) received
2021/09/10 00:49:56 [notice] 1#1: signal 17 (SIGCHLD) received from 29
2021/09/10 00:49:56 [notice] 1#1: worker process 29 exited with code 0
2021/09/10 00:49:56 [notice] 1#1: signal 29 (SIGIO) received
2021/09/10 00:49:56 [notice] 1#1: signal 17 (SIGCHLD) received from 27
2021/09/10 00:49:56 [notice] 1#1: worker process 27 exited with code 0
2021/09/10 00:49:56 [notice] 1#1: signal 29 (SIGIO) received
2021/09/10 00:49:56 [notice] 1#1: signal 17 (SIGCHLD) received from 28
2021/09/10 00:49:56 [notice] 1#1: worker process 28 exited with code 0
2021/09/10 00:49:56 [notice] 1#1: exit
